{"level":"info","time":"2024-07-21T21:08:42+07:00","caller":"/home/lemonilo/TUTORIAL/go/go-boilerplate/pkg/applog/zerolog.go:32","time":"2024-07-21T21:08:42+07:00","message":"Hello world"}
{"level":"info","time":"2024-08-18T16:31:53+07:00","caller":"/home/nexsoft/TUTORIAL/go-boilerplate/pkg/applog/zerolog.go:32","time":"2024-08-18T16:31:53+07:00","message":"Hello world"}
{"level":"info","time":"2024-08-18T16:32:51+07:00","caller":"/home/nexsoft/TUTORIAL/go-boilerplate/pkg/applog/zerolog.go:32","time":"2024-08-18T16:32:51+07:00","message":"Hello world"}
{"level":"info","time":"2024-08-18T16:33:05+07:00","caller":"/home/nexsoft/TUTORIAL/go-boilerplate/pkg/applog/zerolog.go:32","time":"2024-08-18T16:33:05+07:00","message":"Hello world"}
{"level":"info","time":"2024-08-18T16:39:23+07:00","caller":"/home/nexsoft/TUTORIAL/go-boilerplate/main.go:20","time":"2024-08-18T16:39:23+07:00","message":"Hello, world!"}
{"level":"info","time":"2024-08-18T16:40:48+07:00","caller":"/home/nexsoft/TUTORIAL/go-boilerplate/main.go:20","message":"Hello, world!"}
{"level":"info","time":"2024-08-18T16:46:30+07:00","caller":"/home/nexsoft/TUTORIAL/go-boilerplate/main.go:22","message":"Hello, world!"}
{"level":"info","time":"2024-08-18T16:47:13+07:00","caller":"/home/nexsoft/TUTORIAL/go-boilerplate/main.go:20","message":"Hello, world!"}
{"level":"info","time":"2024-08-18T16:52:06+07:00","caller":"/home/nexsoft/TUTORIAL/go-boilerplate/main.go:22","message":"Hello, world!"}
{"level":"info","time":"2024-08-18T16:52:56+07:00","caller":"/home/nexsoft/TUTORIAL/go-boilerplate/main.go:20","message":"Hello, world!"}
{"level":"info","time":"2024-09-17T21:03:14+07:00","caller":"/home/nexsoft/TUTORIAL/go/go-boilerplate/main.go:20","message":"Hello, world!"}
{"level":"info","pid":"8981","request_id":null,"version":"","status":200,"path":"/","method":"GET","byte_in":0,"byte_out":13,"time":"2024-09-17T21:03:53+07:00"}
{"level":"info","time":"2024-09-17T21:58:59+07:00","caller":"/home/nexsoft/TUTORIAL/go/go-boilerplate/main.go:22","message":"Hello, world!"}
{"level":"info","time":"2024-09-17T22:03:10+07:00","caller":"/home/nexsoft/TUTORIAL/go/go-boilerplate/main.go:22","message":"Hello, world!"}
{"level":"info","time":"2024-09-17T22:04:15+07:00","caller":"/home/nexsoft/TUTORIAL/go/go-boilerplate/main.go:22","message":"Hello, world!"}
{"level":"info","time":"2024-09-17T22:17:14+07:00","caller":"/home/nexsoft/TUTORIAL/go/go-boilerplate/main.go:22","message":"Hello, world!"}
{"level":"info","time":"2024-09-17T22:18:27+07:00","caller":"/home/nexsoft/TUTORIAL/go/go-boilerplate/main.go:22","message":"Hello, world!"}
{"level":"info","time":"2024-09-17T22:19:05+07:00","caller":"/home/nexsoft/TUTORIAL/go/go-boilerplate/main.go:22","message":"Hello, world!"}
{"level":"info","time":"2024-09-17T22:23:20+07:00","caller":"/home/nexsoft/TUTORIAL/go/go-boilerplate/main.go:22","message":"Hello, world!"}
{"level":"info","time":"2024-09-18T16:23:27+07:00","caller":"/home/nexsoft/TUTORIAL/go/go-boilerplate/main.go:22","message":"Hello, world!"}
{"level":"info","time":"2024-09-18T16:24:25+07:00","caller":"/home/nexsoft/TUTORIAL/go/go-boilerplate/main.go:22","message":"Hello, world!"}
{"level":"info","time":"2024-09-18T16:24:54+07:00","caller":"/home/nexsoft/TUTORIAL/go/go-boilerplate/main.go:22","message":"Hello, world!"}
{"level":"info","time":"2024-09-18T16:25:06+07:00","caller":"/home/nexsoft/TUTORIAL/go/go-boilerplate/main.go:22","message":"Hello, world!"}
{"level":"info","time":"2024-09-18T16:25:32+07:00","caller":"/home/nexsoft/TUTORIAL/go/go-boilerplate/main.go:22","message":"Hello, world!"}
{"level":"info","time":"2024-09-18T16:25:49+07:00","caller":"/home/nexsoft/TUTORIAL/go/go-boilerplate/main.go:22","message":"Hello, world!"}
{"level":"info","pid":"176210","request_id":null,"version":"","status":200,"path":"/","method":"GET","byte_in":0,"byte_out":13,"time":"2024-09-18T16:26:02+07:00"}
{"level":"info","pid":"176210","request_id":null,"version":"","status":200,"path":"/","method":"GET","byte_in":0,"byte_out":13,"time":"2024-09-18T16:26:19+07:00"}
{"level":"info","time":"2024-09-18T16:29:25+07:00","caller":"/home/nexsoft/TUTORIAL/go/go-boilerplate/main.go:22","message":"Hello, world!"}
{"level":"info","pid":"181452","request_id":null,"version":"","status":200,"path":"/","method":"GET","byte_in":0,"byte_out":13,"time":"2024-09-18T16:29:30+07:00"}
{"level":"info","pid":"181452","request_id":null,"version":"","status":200,"path":"/","method":"GET","byte_in":0,"byte_out":13,"time":"2024-09-18T16:29:41+07:00"}
{"level":"info","time":"2024-09-18T16:44:30+07:00","caller":"/home/nexsoft/TUTORIAL/go/go-boilerplate/main.go:22","message":"Hello, world!"}
{"level":"info","pid":"191760","request_id":null,"version":"","status":200,"path":"/","method":"GET","byte_in":0,"byte_out":13,"time":"2024-09-18T16:44:36+07:00"}
{"level":"info","time":"2024-09-18T16:45:41+07:00","caller":"/home/nexsoft/TUTORIAL/go/go-boilerplate/main.go:22","message":"Hello, world!"}
{"level":"info","pid":"193027","request_id":null,"version":"","status":200,"path":"/","method":"GET","byte_in":0,"byte_out":13,"time":"2024-09-18T16:45:43+07:00"}
{"level":"info","time":"2024-09-18T16:46:43+07:00","caller":"/home/nexsoft/TUTORIAL/go/go-boilerplate/main.go:22","message":"Hello, world!"}
{"level":"info","pid":"193858","request_id":null,"version":"","status":200,"path":"/","method":"GET","byte_in":0,"byte_out":13,"time":"2024-09-18T16:46:46+07:00"}
{"level":"info","time":"2024-09-18T16:50:56+07:00","caller":"/home/nexsoft/TUTORIAL/go/go-boilerplate/main.go:22","message":"Hello, world!"}
{"level":"info","pid":"197251","request_id":null,"version":"","status":200,"path":"/","method":"GET","byte_in":0,"byte_out":13,"time":"2024-09-18T16:51:03+07:00"}
{"level":"info","time":"2024-09-18T16:54:32+07:00","caller":"/home/nexsoft/TUTORIAL/go/go-boilerplate/main.go:22","message":"Hello, world!"}
{"level":"info","pid":"200322","request_id":null,"version":"","status":200,"path":"/","method":"GET","byte_in":0,"byte_out":13,"time":"2024-09-18T16:54:43+07:00"}
{"level":"info","time":"2024-09-18T17:00:34+07:00","caller":"/home/nexsoft/TUTORIAL/go/go-boilerplate/main.go:22","message":"Hello, world!"}
{"level":"info","pid":"204403","request_id":null,"version":"","status":200,"path":"/","method":"GET","byte_in":0,"byte_out":13,"time":"2024-09-18T17:00:38+07:00"}
{"level":"info","time":"2024-09-18T17:02:25+07:00","caller":"/home/nexsoft/TUTORIAL/go/go-boilerplate/main.go:22","message":"Hello, world!"}
{"level":"info","time":"2024-09-18T17:03:00+07:00","caller":"/home/nexsoft/TUTORIAL/go/go-boilerplate/main.go:22","message":"Hello, world!"}
{"level":"info","time":"2024-09-18T17:06:45+07:00","caller":"/home/nexsoft/TUTORIAL/go/go-boilerplate/main.go:22","message":"Hello, world!"}
{"level":"info","time":"2024-09-18T17:09:31+07:00","caller":"/home/nexsoft/TUTORIAL/go/go-boilerplate/main.go:22","message":"Hello, world!"}
{"level":"info","time":"2024-09-19T09:08:16+07:00","caller":"/home/nexsoft/TUTORIAL/go/go-boilerplate/main.go:22","message":"Hello, world!"}
{"level":"info","time":"2024-09-19T09:08:27+07:00","caller":"/home/nexsoft/TUTORIAL/go/go-boilerplate/main.go:22","message":"Hello, world!"}
{"level":"info","time":"2024-09-19T09:08:44+07:00","caller":"/home/nexsoft/TUTORIAL/go/go-boilerplate/main.go:22","message":"Hello, world!"}
{"level":"info","time":"2024-09-19T09:09:00+07:00","caller":"/home/nexsoft/TUTORIAL/go/go-boilerplate/main.go:22","message":"Hello, world!"}
{"level":"info","time":"2024-09-19T09:09:54+07:00","caller":"/home/nexsoft/TUTORIAL/go/go-boilerplate/main.go:22","message":"Hello, world!"}
{"level":"info","time":"2024-09-19T09:10:10+07:00","caller":"/home/nexsoft/TUTORIAL/go/go-boilerplate/main.go:22","message":"Hello, world!"}
{"level":"info","time":"2024-09-19T09:10:20+07:00","caller":"/home/nexsoft/TUTORIAL/go/go-boilerplate/main.go:22","message":"Hello, world!"}
{"level":"info","time":"2024-09-19T09:11:31+07:00","caller":"/home/nexsoft/TUTORIAL/go/go-boilerplate/main.go:22","message":"Hello, world!"}
{"level":"info","time":"2024-09-19T09:12:31+07:00","caller":"/home/nexsoft/TUTORIAL/go/go-boilerplate/main.go:22","message":"Hello, world!"}
{"level":"info","time":"2024-09-19T09:13:51+07:00","caller":"/home/nexsoft/TUTORIAL/go/go-boilerplate/main.go:22","message":"Hello, world!"}
{"level":"info","time":"2024-09-19T09:14:05+07:00","caller":"/home/nexsoft/TUTORIAL/go/go-boilerplate/main.go:22","message":"Hello, world!"}
{"level":"info","time":"2024-09-19T09:15:02+07:00","caller":"/home/nexsoft/TUTORIAL/go/go-boilerplate/main.go:22","message":"Hello, world!"}
{"level":"info","time":"2024-09-19T09:15:28+07:00","caller":"/home/nexsoft/TUTORIAL/go/go-boilerplate/main.go:22","message":"Hello, world!"}
{"level":"info","time":"2024-09-19T09:53:22+07:00","caller":"/home/nexsoft/TUTORIAL/go/go-boilerplate/main.go:22","message":"Hello, world!"}
{"level":"info","time":"2024-09-19T09:57:52+07:00","caller":"/home/nexsoft/TUTORIAL/go/go-boilerplate/main.go:22","message":"Hello, world!"}
{"level":"info","time":"2024-09-19T09:59:42+07:00","caller":"/home/nexsoft/TUTORIAL/go/go-boilerplate/main.go:22","message":"Hello, world!"}
{"level":"info","time":"2024-09-19T10:01:32+07:00","caller":"/home/nexsoft/TUTORIAL/go/go-boilerplate/main.go:22","message":"Hello, world!"}
{"level":"info","time":"2024-09-19T10:01:52+07:00","caller":"/home/nexsoft/TUTORIAL/go/go-boilerplate/main.go:22","message":"Hello, world!"}
{"level":"info","pid":"53677","request_id":null,"version":"","status":200,"path":"/","method":"GET","byte_in":0,"byte_out":13,"time":"2024-09-19T10:02:10+07:00"}
{"level":"info","time":"2024-09-20T14:06:41+07:00","caller":"/home/nexsoft/TUTORIAL/go/go-boilerplate/main.go:22","message":"Hello, world!"}
{"level":"info","time":"2024-09-20T14:09:07+07:00","caller":"/home/nexsoft/TUTORIAL/go/go-boilerplate/main.go:22","message":"Hello, world!"}
{"level":"info","time":"2024-09-22T11:39:06+07:00","caller":"/home/nexsoft/TUTORIAL/go/go-boilerplate/main.go:23","message":"Hello, world!"}
{"level":"info","time":"2024-09-22T11:40:09+07:00","caller":"/home/nexsoft/TUTORIAL/go/go-boilerplate/main.go:23","message":"Hello, world!"}
{"level":"info","time":"2024-09-22T11:41:04+07:00","caller":"/home/nexsoft/TUTORIAL/go/go-boilerplate/main.go:23","message":"Hello, world!"}
{"level":"info","time":"2024-09-22T11:43:55+07:00","caller":"/home/nexsoft/TUTORIAL/go/go-boilerplate/main.go:23","message":"Hello, world!"}
{"level":"info","time":"2024-09-22T11:44:40+07:00","caller":"/home/nexsoft/TUTORIAL/go/go-boilerplate/main.go:23","message":"Hello, world!"}
{"level":"info","time":"2024-09-22T11:45:10+07:00","caller":"/home/nexsoft/TUTORIAL/go/go-boilerplate/main.go:21","message":"Hello, world!"}
{"level":"info","time":"2024-09-22T11:46:48+07:00","caller":"/home/nexsoft/TUTORIAL/go/go-boilerplate/main.go:21","message":"Hello, world!"}
{"level":"info","time":"2024-09-22T11:48:32+07:00","caller":"/home/nexsoft/TUTORIAL/go/go-boilerplate/main.go:21","message":"Hello, world!"}
{"level":"info","time":"2024-09-22T12:21:43+07:00","caller":"/home/nexsoft/TUTORIAL/go/go-boilerplate/main.go:21","message":"Hello, world!"}
{"level":"info","time":"2024-09-22T12:23:49+07:00","caller":"/home/nexsoft/TUTORIAL/go/go-boilerplate/main.go:21","message":"Hello, world!"}
{"level":"info","time":"2024-09-22T12:24:35+07:00","caller":"/home/nexsoft/TUTORIAL/go/go-boilerplate/main.go:21","message":"Hello, world!"}
{"level":"info","time":"2024-09-22T12:29:03+07:00","caller":"/home/nexsoft/TUTORIAL/go/go-boilerplate/main.go:21","message":"Hello, world!"}
{"level":"info","time":"2024-09-22T12:29:11+07:00","caller":"/home/nexsoft/TUTORIAL/go/go-boilerplate/main.go:21","message":"Hello, world!"}
{"level":"info","time":"2024-09-22T12:29:52+07:00","caller":"/home/nexsoft/TUTORIAL/go/go-boilerplate/main.go:21","message":"Hello, world!"}
{"level":"info","time":"2024-09-22T12:48:37+07:00","caller":"/home/nexsoft/TUTORIAL/go/go-boilerplate/main.go:21","message":"Hello, world!"}
{"level":"info","time":"2024-09-22T12:49:01+07:00","caller":"/home/nexsoft/TUTORIAL/go/go-boilerplate/main.go:21","message":"Hello, world!"}
{"level":"info","time":"2024-09-22T12:49:16+07:00","caller":"/home/nexsoft/TUTORIAL/go/go-boilerplate/main.go:21","message":"Hello, world!"}
{"level":"info","time":"2024-09-22T12:49:33+07:00","caller":"/home/nexsoft/TUTORIAL/go/go-boilerplate/main.go:21","message":"Hello, world!"}
{"level":"info","time":"2024-09-22T12:50:09+07:00","caller":"/home/nexsoft/TUTORIAL/go/go-boilerplate/main.go:21","message":"Hello, world!"}
{"level":"info","time":"2024-09-22T12:51:32+07:00","caller":"/home/nexsoft/TUTORIAL/go/go-boilerplate/main.go:21","message":"Hello, world!"}
{"level":"info","time":"2024-09-22T12:51:46+07:00","caller":"/home/nexsoft/TUTORIAL/go/go-boilerplate/main.go:21","message":"Hello, world!"}
{"level":"info","time":"2024-09-22T12:52:02+07:00","caller":"/home/nexsoft/TUTORIAL/go/go-boilerplate/main.go:21","message":"Hello, world!"}
{"level":"info","time":"2024-09-22T12:53:54+07:00","caller":"/home/nexsoft/TUTORIAL/go/go-boilerplate/main.go:21","message":"Hello, world!"}
{"level":"info","time":"2024-09-22T13:03:41+07:00","caller":"/home/nexsoft/TUTORIAL/go/go-boilerplate/main.go:21","message":"Hello, world!"}
{"level":"info","time":"2024-09-23T09:06:49+07:00","caller":"/home/nexsoft/TUTORIAL/go/go-boilerplate/main.go:29","message":"Application started"}
{"level":"info","pid":"380276","request_id":null,"version":"","status":200,"path":"/","method":"GET","byte_in":0,"byte_out":13,"time":"2024-09-23T09:06:55+07:00"}
{"level":"info","time":"2024-09-23T09:20:45+07:00","caller":"/home/nexsoft/TUTORIAL/go/go-boilerplate/main.go:29","message":"Application started"}
{"level":"info","time":"2024-09-23T09:21:45+07:00","caller":"/home/nexsoft/TUTORIAL/go/go-boilerplate/main.go:29","message":"Application started"}
